<?xml version="1.0" encoding="UTF-8"?>
<!-- Generated by org.testng.reporters.JUnitReportReporter -->
<testsuite hostname="DESKTOP-Q7D10P4" failures="0" tests="1" name="Testng.rediffq" time="26.011" errors="0" timestamp="2023-06-01T12:20:31 IST" skipped="0">
  <testcase classname="Testng.rediffq" name="test2" time="26.011"/>
  <system-out/>
</testsuite> <!-- Testng.rediffq -->
