<?xml version="1.0" encoding="UTF-8"?>
<!-- Generated by org.testng.reporters.JUnitReportReporter -->
<testsuite hostname="DESKTOP-Q7D10P4" failures="0" tests="1" name="Test.fblogin" time="0.344" errors="0" timestamp="2023-06-14T09:26:50 IST" skipped="0">
  <testcase classname="Test.fblogin" name="testloging" time="0.344"/>
  <system-out/>
</testsuite> <!-- Test.fblogin -->
