<?xml version="1.0" encoding="UTF-8"?>
<!-- Generated by org.testng.reporters.JUnitReportReporter -->
<testsuite hostname="DESKTOP-Q7D10P4" failures="0" tests="1" name="Test.project" time="40.471" errors="0" timestamp="2023-07-05T12:18:40 IST" skipped="0">
  <testcase classname="Test.project" name="testlogin" time="40.471"/>
  <system-out/>
</testsuite> <!-- Test.project -->
