<?xml version="1.0" encoding="UTF-8"?>
<!-- Generated by org.testng.reporters.JUnitReportReporter -->
<testsuite hostname="DESKTOP-Q7D10P4" failures="0" tests="1" name="testng.guruwindow" time="2.868" errors="0" timestamp="2023-06-16T10:13:23 IST" skipped="0">
  <testcase classname="testng.guruwindow" name="Test" time="2.868"/>
  <system-out/>
</testsuite> <!-- testng.guruwindow -->
