<?xml version="1.0" encoding="UTF-8"?>
<!-- Generated by org.testng.reporters.JUnitReportReporter -->
<testsuite hostname="DESKTOP-Q7D10P4" failures="0" tests="1" name="testng.Robotprjvt" time="8.291" errors="0" timestamp="2023-06-09T11:11:27 IST" skipped="0">
  <testcase classname="testng.Robotprjvt" name="test" time="8.291"/>
  <system-out/>
</testsuite> <!-- testng.Robotprjvt -->
