<?xml version="1.0" encoding="UTF-8"?>
<!-- Generated by org.testng.reporters.JUnitReportReporter -->
<testsuite hostname="DESKTOP-Q7D10P4" failures="0" tests="4" name="Testng.test" time="0.010" errors="0" timestamp="2023-06-01T10:05:33 IST" skipped="0">
  <testcase classname="Testng.test" name="test4" time="0.001"/>
  <system-out/>
  <testcase classname="Testng.test" name="test3" time="0.001"/>
  <system-out/>
  <testcase classname="Testng.test" name="test2" time="0.001"/>
  <system-out/>
  <testcase classname="Testng.test" name="test1" time="0.007"/>
  <system-out/>
</testsuite> <!-- Testng.test -->
