<?xml version="1.0" encoding="UTF-8"?>
<!-- Generated by org.testng.reporters.JUnitReportReporter -->
<testsuite hostname="DESKTOP-Q7D10P4" failures="0" tests="1" name="testng.Newwwwww" time="27.580" errors="0" timestamp="2023-07-05T13:37:22 IST" skipped="0">
  <testcase classname="testng.Newwwwww" name="test" time="27.580"/>
  <system-out/>
</testsuite> <!-- testng.Newwwwww -->
