<?xml version="1.0" encoding="UTF-8"?>
<!-- Generated by org.testng.reporters.JUnitReportReporter -->
<testsuite hostname="DESKTOP-Q7D10P4" failures="0" tests="1" name="Test.createfb" time="2.733" errors="0" timestamp="2023-06-14T12:06:08 IST" skipped="0">
  <testcase classname="Test.createfb" name="testing" time="2.733"/>
  <system-out/>
</testsuite> <!-- Test.createfb -->
