<?xml version="1.0" encoding="UTF-8"?>
<!-- Generated by org.testng.reporters.JUnitReportReporter -->
<testsuite hostname="DESKTOP-Q7D10P4" failures="0" tests="1" name="Testng.e" time="8.231" errors="0" timestamp="2023-06-06T10:21:53 IST" skipped="0">
  <testcase classname="Testng.e" name="Test1" time="8.231"/>
  <system-out/>
</testsuite> <!-- Testng.e -->
