<?xml version="1.0" encoding="UTF-8"?>
<!-- Generated by org.testng.reporters.JUnitReportReporter -->
<testsuite hostname="DESKTOP-Q7D10P4" failures="0" tests="1" name="testng.Softa" time="1.403" errors="0" timestamp="2023-06-12T10:24:38 IST" skipped="0">
  <testcase classname="testng.Softa" name="test" time="1.403"/>
  <system-out/>
</testsuite> <!-- testng.Softa -->
