<?xml version="1.0" encoding="UTF-8"?>
<!-- Generated by org.testng.reporters.JUnitReportReporter -->
<testsuite hostname="DESKTOP-Q7D10P4" failures="0" tests="1" name="testng.europgir" time="2.063" errors="0" timestamp="2023-06-19T12:50:09 IST" skipped="0">
  <testcase classname="testng.europgir" name="test" time="2.063"/>
  <system-out/>
</testsuite> <!-- testng.europgir -->
