<?xml version="1.0" encoding="UTF-8"?>
<!-- Generated by org.testng.reporters.JUnitReportReporter -->
<testsuite hostname="DESKTOP-Q7D10P4" failures="0" tests="1" name="Testng.rediff" time="29.638" errors="0" timestamp="2023-06-01T10:43:08 IST" skipped="0">
  <testcase classname="Testng.rediff" name="test3" time="29.638"/>
  <system-out/>
</testsuite> <!-- Testng.rediff -->
