<?xml version="1.0" encoding="UTF-8"?>
<!-- Generated by org.testng.reporters.JUnitReportReporter -->
<testsuite hostname="DESKTOP-Q7D10P4" failures="0" tests="1" name="testng.actions" time="6.402" errors="0" timestamp="2023-06-11T14:35:16 IST" skipped="0">
  <testcase classname="testng.actions" name="test" time="6.402"/>
  <system-out/>
</testsuite> <!-- testng.actions -->
